<?xml version="1.0" encoding="UTF-8"?>
<!-- Generated by org.testng.reporters.JUnitXMLReporter -->
<testsuite hostname="DESKTOP-IEC0DB0" ignored="0" name="Test" tests="5" failures="0" timestamp="25 Jul 2023 09:41:16 GMT" time="0.376" errors="0">
  <testcase name="starNumber1" time="0.015" classname="vikash.BDDFramework.StarNumber"/>
  <testcase name="practiceTest1" time="0.002" classname="vikash.BDDFramework.Practise"/>
  <testcase name="practiceTest1" time="0.004" classname="vikash.BDDFramework.Practise"/>
  <testcase name="practiceTest2" time="0.003" classname="vikash.BDDFramework.Practise"/>
  <testcase name="practiceTest2" time="0.003" classname="vikash.BDDFramework.Practise"/>
</testsuite> <!-- Test -->
