<?xml version="1.0" encoding="UTF-8"?>
<!-- Generated by org.testng.reporters.JUnitXMLReporter -->
<testsuite hostname="DESKTOP-IEC0DB0" ignored="0" name="Test" tests="5" failures="0" timestamp="26 Jul 2023 13:22:08 GMT" time="0.495" errors="0">
  <testcase name="starNumber1" time="0.065" classname="vikash.BDDFramework.StarNumber"/>
  <testcase name="practiceTest1" time="0.001" classname="vikash.BDDFramework.Practise"/>
  <testcase name="practiceTest1" time="0.002" classname="vikash.BDDFramework.Practise"/>
  <testcase name="practiceTest2" time="0.001" classname="vikash.BDDFramework.Practise"/>
  <testcase name="practiceTest2" time="0.001" classname="vikash.BDDFramework.Practise"/>
</testsuite> <!-- Test -->
