<?xml version="1.0" encoding="UTF-8"?>
<testng-results skipped="0" failed="0" ignored="0" total="5" passed="5">
  <reporter-output>
  </reporter-output>
  <suite name="Suite" duration-ms="495" started-at="2023-07-26T13:22:08Z" finished-at="2023-07-26T13:22:08Z">
    <groups>
    </groups>
    <test name="Test" duration-ms="495" started-at="2023-07-26T13:22:08Z" finished-at="2023-07-26T13:22:08Z">
      <class name="vikash.BDDFramework.Practise">
        <test-method status="PASS" signature="practiceTest1(java.lang.String, java.lang.String)[pri:0, instance:vikash.BDDFramework.Practise@1b604f19]" name="practiceTest1" duration-ms="1" started-at="2023-07-26T13:22:08Z" data-provider="data-provider" finished-at="2023-07-26T13:22:08Z">
          <params>
            <param index="0">
              <value>
                <![CDATA[Vikash]]>
              </value>
            </param>
            <param index="1">
              <value>
                <![CDATA[6]]>
              </value>
            </param>
          </params>
          <reporter-output>
          </reporter-output>
        </test-method> <!-- practiceTest1 -->
        <test-method status="PASS" signature="practiceTest1(java.lang.String, java.lang.String)[pri:0, instance:vikash.BDDFramework.Practise@1b604f19]" name="practiceTest1" duration-ms="2" started-at="2023-07-26T13:22:08Z" data-provider="data-provider" finished-at="2023-07-26T13:22:08Z">
          <params>
            <param index="0">
              <value>
                <![CDATA[Vikash]]>
              </value>
            </param>
            <param index="1">
              <value>
                <![CDATA[7]]>
              </value>
            </param>
          </params>
          <reporter-output>
          </reporter-output>
        </test-method> <!-- practiceTest1 -->
        <test-method status="PASS" signature="practiceTest2(java.lang.String, java.lang.String)[pri:0, instance:vikash.BDDFramework.Practise@1b604f19]" name="practiceTest2" duration-ms="1" started-at="2023-07-26T13:22:08Z" data-provider="data-provider" finished-at="2023-07-26T13:22:08Z">
          <params>
            <param index="0">
              <value>
                <![CDATA[Vikash]]>
              </value>
            </param>
            <param index="1">
              <value>
                <![CDATA[6]]>
              </value>
            </param>
          </params>
          <reporter-output>
          </reporter-output>
        </test-method> <!-- practiceTest2 -->
        <test-method status="PASS" signature="practiceTest2(java.lang.String, java.lang.String)[pri:0, instance:vikash.BDDFramework.Practise@1b604f19]" name="practiceTest2" duration-ms="1" started-at="2023-07-26T13:22:08Z" data-provider="data-provider" finished-at="2023-07-26T13:22:08Z">
          <params>
            <param index="0">
              <value>
                <![CDATA[Vikash]]>
              </value>
            </param>
            <param index="1">
              <value>
                <![CDATA[7]]>
              </value>
            </param>
          </params>
          <reporter-output>
          </reporter-output>
        </test-method> <!-- practiceTest2 -->
      </class> <!-- vikash.BDDFramework.Practise -->
      <class name="vikash.BDDFramework.StarNumber">
        <test-method status="PASS" signature="starNumber1()[pri:0, instance:vikash.BDDFramework.StarNumber@1593948d]" name="starNumber1" duration-ms="65" started-at="2023-07-26T13:22:08Z" finished-at="2023-07-26T13:22:08Z">
          <reporter-output>
          </reporter-output>
        </test-method> <!-- starNumber1 -->
      </class> <!-- vikash.BDDFramework.StarNumber -->
    </test> <!-- Test -->
  </suite> <!-- Suite -->
</testng-results>
